0:00:00:00 Starting a new session
0:00:00:00 Loaded a total of 333 password hashes with 333 different salts
0:00:00:00 Sorting salts, for performance
0:00:00:00 Remaining 226 password hashes with 226 different salts
0:00:00:00 Cost 1 (iteration count) is 29000 for all loaded hashes
0:00:00:00 Command line: /home/lupos/software/john/run/john --session=pbk_unix_8 --pot=practical4.potfile --wordlist=../dictionaries/unix_8char_combos.txt hashes/pbkdf2.hashes 
0:00:00:00 - UTF-8 input encoding enabled
0:00:00:00 - Passwords will be stored UTF-8 encoded in .pot file
0:00:00:00 Sorting salts, for performance
0:00:00:00 - Hash type: PBKDF2-HMAC-SHA256 (min-len 0, max-len 41 [worst case UTF-8] to 125 [ASCII])
0:00:00:00 - Algorithm: PBKDF2-SHA256 256/256 AVX2 8x
0:00:00:00 - Configured to use otherwise idle processor cycles only
0:00:00:00 - Will reject candidates longer than 125 bytes
0:00:00:00 - Candidate passwords will be buffered and tried in chunks of 8
0:00:00:00 Proceeding with wordlist mode
0:00:00:00 - Wordlist file: ../dictionaries/unix_8char_combos.txt
0:00:00:00 - memory mapping wordlist (100761444 bytes)
0:00:00:00 - No word mangling rules
0:00:00:02 Session aborted
0:00:00:00 Starting a new session
0:00:00:00 Loaded a total of 333 password hashes with 333 different salts
0:00:00:00 Sorting salts, for performance
0:00:00:00 Remaining 226 password hashes with 226 different salts
0:00:00:00 Cost 1 (iteration count) is 29000 for all loaded hashes
0:00:00:00 Command line: /home/lupos/software/john/run/john --session=pbk_unix_8 --pot=practical4.potfile --wordlist=../dictionaries/unix_8char_combos.txt hashes/pbkdf2.hashes 
0:00:00:00 - UTF-8 input encoding enabled
0:00:00:00 - Passwords will be stored UTF-8 encoded in .pot file
0:00:00:00 Sorting salts, for performance
0:00:00:00 - Hash type: PBKDF2-HMAC-SHA256 (min-len 0, max-len 41 [worst case UTF-8] to 125 [ASCII])
0:00:00:00 - Algorithm: PBKDF2-SHA256 256/256 AVX2 8x
0:00:00:00 - Configured to use otherwise idle processor cycles only
0:00:00:00 - Will reject candidates longer than 125 bytes
0:00:00:00 - Candidate passwords will be buffered and tried in chunks of 8
0:00:00:00 Proceeding with wordlist mode
0:00:00:00 - Wordlist file: ../dictionaries/unix_8char_combos.txt
0:00:00:00 - memory mapping wordlist (100761444 bytes)
0:00:00:00 - No word mangling rules
0:00:00:04 Session aborted
0:00:00:00 Starting a new session
0:00:00:00 Loaded a total of 333 password hashes with 333 different salts
0:00:00:00 Sorting salts, for performance
0:00:00:00 Remaining 226 password hashes with 226 different salts
0:00:00:00 Cost 1 (iteration count) is 29000 for all loaded hashes
0:00:00:00 Command line: /home/lupos/software/john/run/john --session=pbk_unix_8 --pot=practical4.potfile --wordlist=../dictionaries/unix_8char_combos.txt hashes/pbkdf2.hashes --format=PBKDF2-HMAC-SHA256 
0:00:00:00 - UTF-8 input encoding enabled
0:00:00:00 - Passwords will be stored UTF-8 encoded in .pot file
0:00:00:00 Sorting salts, for performance
0:00:00:00 - Hash type: PBKDF2-HMAC-SHA256 (min-len 0, max-len 41 [worst case UTF-8] to 125 [ASCII])
0:00:00:00 - Algorithm: PBKDF2-SHA256 256/256 AVX2 8x
0:00:00:00 - Configured to use otherwise idle processor cycles only
0:00:00:00 - Will reject candidates longer than 125 bytes
0:00:00:00 - Candidate passwords will be buffered and tried in chunks of 8
0:00:00:00 Proceeding with wordlist mode
0:00:00:00 - Wordlist file: ../dictionaries/unix_8char_combos.txt
0:00:00:00 - memory mapping wordlist (100761444 bytes)
0:00:00:00 - No word mangling rules
0:00:00:00 Session aborted
0:00:00:00 Starting a new session
0:00:00:00 Loaded a total of 333 password hashes with 333 different salts
0:00:00:00 Sorting salts, for performance
0:00:00:00 Remaining 226 password hashes with 226 different salts
0:00:00:00 Cost 1 (iteration count) is 29000 for all loaded hashes
0:00:00:00 Command line: /home/lupos/software/john/run/john --session=pbk_unix_8 --pot=practical4.potfile --wordlist=../dictionaries/unix_8char_combos.txt hashes/pbkdf2.hashes --format=PBKDF2-HMAC-SHA256-opencl 
0:00:00:00 - UTF-8 input encoding enabled
0:00:00:00 - Passwords will be stored UTF-8 encoded in .pot file
0:00:00:00 Sorting salts, for performance
0:00:00:00 Device 0: Tesla P100-PCIE-16GB
0:00:00:00 - OpenCL LWS: 128, GWS: 14336 (both auto-tuned) (112 blocks)
0:00:00:00 - Hash type: PBKDF2-HMAC-SHA256-opencl (min-len 0, max-len 18 [worst case UTF-8] to 55 [ASCII])
0:00:00:00 - Algorithm: PBKDF2-SHA256 OpenCL
0:00:00:00 - Will reject candidates longer than 55 bytes
0:00:00:00 - Candidate passwords will be buffered and tried in chunks of 14336
0:00:00:00 Proceeding with wordlist mode
0:00:00:00 - Wordlist file: ../dictionaries/unix_8char_combos.txt
0:00:00:00 - memory mapping wordlist (100761444 bytes)
0:00:00:00 - No word mangling rules
0:00:00:04 GPU 0 probably invalid temp reading (-1째C).
0:00:04:45 + Cracked ?
0:00:10:25 + Cracked ?
0:00:11:32 + Cracked ?
0:00:12:55 Session aborted
0:00:12:56 Continuing an interrupted session
0:00:12:56 Loaded a total of 333 password hashes with 333 different salts
0:00:12:56 Sorting salts, for performance
0:00:12:56 Remaining 223 password hashes with 223 different salts
0:00:12:56 Cost 1 (iteration count) is 29000 for all loaded hashes
0:00:12:56 Command line: /home/lupos/software/john/run/john --restore=pbk_unix_8 
0:00:12:56 - UTF-8 input encoding enabled
0:00:12:56 - Passwords will be stored UTF-8 encoded in .pot file
0:00:12:56 Sorting salts, for performance
0:00:12:56 Device 0: Tesla V100-SXM2-16GB
0:00:12:56 - OpenCL LWS: 32, GWS: 20480 (both auto-tuned) (640 blocks)
0:00:12:56 - Hash type: PBKDF2-HMAC-SHA256-opencl (min-len 0, max-len 18 [worst case UTF-8] to 55 [ASCII])
0:00:12:56 - Algorithm: PBKDF2-SHA256 OpenCL
0:00:12:56 - Will reject candidates longer than 55 bytes
0:00:12:56 - Candidate passwords will be buffered and tried in chunks of 20480
0:00:12:56 Proceeding with wordlist mode
0:00:12:56 Terminating on error, wordlist.c:690
0:00:12:56 Continuing an interrupted session
0:00:12:56 Loaded a total of 333 password hashes with 333 different salts
0:00:12:56 Sorting salts, for performance
0:00:12:56 Remaining 223 password hashes with 223 different salts
0:00:12:56 Cost 1 (iteration count) is 29000 for all loaded hashes
0:00:12:56 Command line: /home/lupos/software/john/run/john --restore=pbk_unix_8 
0:00:12:56 - UTF-8 input encoding enabled
0:00:12:56 - Passwords will be stored UTF-8 encoded in .pot file
0:00:12:56 Sorting salts, for performance
0:00:12:56 Device 0: Tesla V100-SXM2-16GB
0:00:12:56 - OpenCL LWS: 32, GWS: 20480 (both auto-tuned) (640 blocks)
0:00:12:56 - Hash type: PBKDF2-HMAC-SHA256-opencl (min-len 0, max-len 18 [worst case UTF-8] to 55 [ASCII])
0:00:12:56 - Algorithm: PBKDF2-SHA256 OpenCL
0:00:12:56 - Will reject candidates longer than 55 bytes
0:00:12:56 - Candidate passwords will be buffered and tried in chunks of 20480
0:00:12:56 Proceeding with wordlist mode
0:00:12:56 - Wordlist file: ../dictionaries/unix_8char_combos.txt
0:00:12:56 - memory mapping wordlist (100761444 bytes)
0:00:12:56 - No word mangling rules
0:00:13:00 GPU 0 probably invalid temp reading (-1째C).
0:00:16:58 + Cracked ?
0:00:18:14 + Cracked ?
0:00:22:08 + Cracked ?
0:00:22:34 + Cracked ?
0:00:29:41 + Cracked ?
0:00:32:01 + Cracked ?
0:00:33:26 + Cracked ?
0:00:34:21 + Cracked ?
0:00:39:37 + Cracked ?
0:00:42:57 + Cracked ?
0:00:47:13 + Cracked ?
0:00:48:13 + Cracked ?
0:00:51:44 + Cracked ?
0:01:04:06 + Cracked ?
0:01:06:41 + Cracked ?
0:01:12:05 + Cracked ?
0:01:12:12 + Cracked ?
0:01:15:15 + Cracked ?
0:01:20:07 + Cracked ?
0:01:20:39 Session aborted
0:01:20:40 Continuing an interrupted session
0:01:20:40 Loaded a total of 333 password hashes with 333 different salts
0:01:20:40 Sorting salts, for performance
0:01:20:40 Remaining 204 password hashes with 204 different salts
0:01:20:40 Cost 1 (iteration count) is 29000 for all loaded hashes
0:01:20:40 Command line: /home/lupos/software/john/run/john --restore=pbk_unix_8 
0:01:20:40 - UTF-8 input encoding enabled
0:01:20:40 - Passwords will be stored UTF-8 encoded in .pot file
0:01:20:40 Sorting salts, for performance
0:01:20:40 Device 0: Tesla V100-SXM2-16GB
0:01:20:40 - OpenCL LWS: 32, GWS: 20480 (both auto-tuned) (640 blocks)
0:01:20:40 - Hash type: PBKDF2-HMAC-SHA256-opencl (min-len 0, max-len 18 [worst case UTF-8] to 55 [ASCII])
0:01:20:40 - Algorithm: PBKDF2-SHA256 OpenCL
0:01:20:40 - Will reject candidates longer than 55 bytes
0:01:20:40 - Candidate passwords will be buffered and tried in chunks of 20480
0:01:20:40 Proceeding with wordlist mode
0:01:20:40 - Wordlist file: ../dictionaries/unix_8char_combos.txt
0:01:20:40 - memory mapping wordlist (100761444 bytes)
0:01:20:40 - No word mangling rules
0:01:20:44 GPU 0 probably invalid temp reading (-1째C).
0:01:24:08 + Cracked ?
0:01:26:41 Continuing an interrupted session
0:01:26:41 Loaded a total of 333 password hashes with 333 different salts
0:01:26:41 Sorting salts, for performance
0:01:26:41 Remaining 203 password hashes with 203 different salts
0:01:26:41 Cost 1 (iteration count) is 29000 for all loaded hashes
0:01:26:41 Command line: /home/lupos/software/john/run/john --restore=pbk_unix_8 
0:01:26:41 - UTF-8 input encoding enabled
0:01:26:41 - Passwords will be stored UTF-8 encoded in .pot file
0:01:26:41 Sorting salts, for performance
0:01:26:41 Device 0: Tesla V100-SXM2-16GB
0:01:26:41 - OpenCL LWS: 512, GWS: 40960 (both auto-tuned) (80 blocks)
0:01:26:41 - Hash type: PBKDF2-HMAC-SHA256-opencl (min-len 0, max-len 18 [worst case UTF-8] to 55 [ASCII])
0:01:26:41 - Algorithm: PBKDF2-SHA256 OpenCL
0:01:26:41 - Will reject candidates longer than 55 bytes
0:01:26:41 - Candidate passwords will be buffered and tried in chunks of 40960
0:01:26:41 Proceeding with wordlist mode
0:01:26:41 - Wordlist file: ../dictionaries/unix_8char_combos.txt
0:01:26:41 - memory mapping wordlist (100761444 bytes)
0:01:26:41 - No word mangling rules
0:01:26:45 GPU 0 probably invalid temp reading (-1째C).
0:01:42:01 + Cracked ?
0:01:48:35 + Cracked ?
0:01:50:00 + Cracked ?
0:01:50:45 + Cracked ?
0:01:55:01 + Cracked ?
0:02:01:58 + Cracked ?
0:02:05:33 + Cracked ?
0:02:09:04 + Cracked ?
0:02:10:33 + Cracked ?
0:02:14:30 + Cracked ?
0:02:18:46 + Cracked ?
0:02:20:40 + Cracked ?
0:02:21:58 + Cracked ?
0:02:26:02 + Cracked ?
0:02:27:53 + Cracked ?
0:02:30:51 Session aborted
