0:00:00:00 Starting a new session
0:00:00:00 Loaded a total of 338 password hashes with 338 different salts
0:00:00:00 Sorting salts, for performance
0:00:00:00 Remaining 142 password hashes with 142 different salts
0:00:00:00 Cost 1 (iteration count) is 5000 for all loaded hashes
0:00:00:00 Command line: /home/stefano/software/john-the-ripper/run/john --pot=practical4.potfile --format=sha256crypt-opencl --session=sha256-unix-8s --wordlist=unix_8char_combos.txt hashes/SHA256.hashes 
0:00:00:00 - GPU 0: temp: 30°C fan: 15%
0:00:00:00 - UTF-8 input encoding enabled
0:00:00:00 - Passwords will be stored UTF-8 encoded in .pot file
0:00:00:00 Sorting salts, for performance
0:00:00:00 - OpenCL LWS: 256, GWS: 196608 (both auto-tuned) (768 blocks)
0:00:00:00 - Hash type: sha256crypt-opencl, crypt(3) $5$ (min-len 0, max-len 8 [worst case UTF-8] to 24 [ASCII])
0:00:00:00 - Algorithm: SHA256 OpenCL
0:00:00:00 - Candidate passwords will be buffered and tried in chunks of 196608
0:00:00:00 - Will reject candidates longer than 24 bytes
0:00:00:00 Proceeding with wordlist mode
0:00:00:00 Terminating on error, wordlist.c:686
0:00:00:00 Starting a new session
0:00:00:00 Loaded a total of 338 password hashes with 338 different salts
0:00:00:00 Sorting salts, for performance
0:00:00:00 Remaining 142 password hashes with 142 different salts
0:00:00:00 Cost 1 (iteration count) is 5000 for all loaded hashes
0:00:00:00 Command line: /home/stefano/software/john-the-ripper/run/john --pot=practical4.potfile --format=sha256crypt-opencl --session=sha256-unix-8s --wordlist=../dictionaries/unix_8char_combos.txt hashes/SHA256.hashes 
0:00:00:00 - GPU 0: temp: 34°C fan: 19%
0:00:00:00 - UTF-8 input encoding enabled
0:00:00:00 - Passwords will be stored UTF-8 encoded in .pot file
0:00:00:00 Sorting salts, for performance
0:00:00:00 - OpenCL LWS: 256, GWS: 98304 (both auto-tuned) (384 blocks)
0:00:00:00 - Hash type: sha256crypt-opencl, crypt(3) $5$ (min-len 0, max-len 8 [worst case UTF-8] to 24 [ASCII])
0:00:00:00 - Algorithm: SHA256 OpenCL
0:00:00:00 - Candidate passwords will be buffered and tried in chunks of 98304
0:00:00:00 - Will reject candidates longer than 24 bytes
0:00:00:00 Proceeding with wordlist mode
0:00:00:00 - Wordlist file: ../dictionaries/unix_8char_combos.txt
0:00:00:00 - memory mapping wordlist (100761444 bytes)
0:00:00:00 - No word mangling rules
0:00:26:17 + Cracked ?
0:00:26:53 + Cracked ?
0:00:47:28 + Cracked ?
0:01:00:18 + Cracked ?
0:01:02:16 + Cracked ?
0:01:14:54 + Cracked ?
0:01:25:07 + Cracked ?
0:01:32:42 + Cracked ?
0:01:32:48 + Cracked ?
0:01:33:10 + Cracked ?
0:01:33:38 + Cracked ?
0:01:35:30 + Cracked ?
0:01:40:51 + Cracked ?
0:01:47:07 + Cracked ?
0:02:00:08 + Cracked ?
0:02:03:47 + Cracked ?
0:02:04:15 + Cracked ?
0:02:13:37 + Cracked ?
0:03:06:38 + Cracked ?
0:03:09:31 + Cracked ?
0:03:25:20 + Cracked ?
0:04:15:49 + Cracked ?
0:04:20:38 + Cracked ?
0:04:27:50 + Cracked ?
0:04:56:44 + Cracked ?
0:05:11:02 + Cracked ?
0:05:17:34 + Cracked ?
0:05:28:30 + Cracked ?
0:06:05:51 + Cracked ?
0:06:17:05 + Cracked ?
0:06:19:03 + Cracked ?
0:06:41:45 + Cracked ?
0:06:48:16 + Cracked ?
0:06:50:48 + Cracked ?
0:07:32:42 + Cracked ?
0:07:40:38 + Cracked ?
0:07:41:56 + Cracked ?
0:07:46:49 + Cracked ?
0:08:02:17 + Cracked ?
0:08:34:18 + Cracked ?
0:08:45:30 + Cracked ?
0:08:47:36 + Cracked ?
0:09:07:57 + Cracked ?
0:09:20:21 + Cracked ?
0:09:24:58 + Cracked ?
0:09:44:56 + Cracked ?
0:09:45:19 + Cracked ?
0:10:15:02 + Cracked ?
0:10:15:25 + Cracked ?
0:10:34:42 + Cracked ?
0:10:43:27 + Cracked ?
0:10:43:38 + Cracked ?
0:10:49:29 + Cracked ?
0:11:13:35 + Cracked ?
0:11:25:09 + Cracked ?
0:11:31:17 + Cracked ?
0:11:31:56 + Cracked ?
0:11:40:25 + Cracked ?
0:11:42:23 + Cracked ?
0:11:46:49 + Cracked ?
0:12:15:39 + Cracked ?
0:12:21:45 + Cracked ?
0:12:29:11 + Cracked ?
0:12:31:39 + Cracked ?
0:12:34:11 + Cracked ?
0:12:36:37 + Cracked ?
0:12:45:08 + Cracked ?
0:12:46:44 + Cracked ?
0:12:50:23 + Cracked ?
0:12:51:14 + Cracked ?
0:12:52:01 + Cracked ?
0:12:52:35 + Cracked ?
0:13:01:42 + Cracked ?
0:13:02:33 + Cracked ?
0:13:10:39 + Cracked ?
0:13:13:02 + Cracked ?
0:13:15:22 + Cracked ?
0:13:18:13 + Cracked ?
0:13:20:50 + Cracked ?
0:13:22:20 + Cracked ?
0:13:22:26 + Cracked ?
0:13:22:43 + Cracked ?
0:13:31:31 + Cracked ?
0:13:34:02 + Cracked ?
0:13:38:18 + Cracked ?
0:13:44:37 + Cracked ?
0:13:49:48 + Cracked ?
0:13:59:04 + Cracked ?
0:14:03:47 + Cracked ?
0:14:20:07 + Cracked ?
0:14:31:33 + Cracked ?
0:14:33:10 + Cracked ?
0:14:42:58 + Cracked ?
0:14:44:12 + Cracked ?
0:14:47:13 + Cracked ?
0:14:53:55 + Cracked ?
0:14:54:58 + Cracked ?
0:14:56:45 + Cracked ?
0:15:00:32 + Cracked ?
0:15:01:17 + Cracked ?
0:15:06:27 + Cracked ?
0:15:08:33 + Cracked ?
0:15:13:55 + Cracked ?
0:15:14:17 + Cracked ?
0:15:15:49 + Cracked ?
0:15:19:52 + Cracked ?
0:15:30:09 + Cracked ?
0:15:30:21 + Cracked ?
0:15:32:02 + Cracked ?
0:15:32:32 + Cracked ?
0:15:34:41 + Cracked ?
0:15:38:23 + Cracked ?
0:15:38:28 + Cracked ?
0:15:39:36 + Cracked ?
0:16:04:51 Session completed
