1 0:00:00:00 Starting a new session
1 0:00:00:00 Loaded a total of 331 password hashes with 331 different salts
1 0:00:00:00 Sorting salts, for performance
1 0:00:00:00 Cost 1 (iteration count) is 5000 for all loaded hashes
1 0:00:00:00 - Node numbers 1-4 of 4 (fork)
1 0:00:00:00 Starting a new session
1 0:00:00:00 Loaded a total of 331 password hashes with 331 different salts
1 0:00:00:00 Sorting salts, for performance
1 0:00:00:00 Remaining 281 password hashes with 281 different salts
1 0:00:00:00 Cost 1 (iteration count) is 5000 for all loaded hashes
1 0:00:00:00 - Node numbers 1-4 of 4 (fork)
4 0:00:00:00 Device 3: GRID K520
4 0:00:00:00 Command line: /home/ubuntu/software/john/run/john --wordlist=../dictionaries/unix_words_8_combos.txt hashes/SHA512.hashes --format=sha512crypt-opencl --fork=4 --devices=0,1,2,3 --session=sha512-words --pot=practical4.potfile 
4 0:00:00:00 - UTF-8 input encoding enabled
4 0:00:00:00 - Passwords will be stored UTF-8 encoded in .pot file
4 0:00:00:00 Sorting salts, for performance
4 0:00:00:00 - OpenCL LWS: 256, GWS: 49152 (both auto-tuned) (192 blocks)
4 0:00:00:00 - Will reject candidates longer than 23 bytes
4 0:00:00:00 Proceeding with wordlist mode
4 0:00:00:00 - Wordlist file: ../dictionaries/unix_words_8_combos.txt
4 0:00:00:00 - memory mapping wordlist (101176768 bytes)
4 0:00:00:00 - No word mangling rules
3 0:00:00:00 Device 2: GRID K520
3 0:00:00:00 Command line: /home/ubuntu/software/john/run/john --wordlist=../dictionaries/unix_words_8_combos.txt hashes/SHA512.hashes --format=sha512crypt-opencl --fork=4 --devices=0,1,2,3 --session=sha512-words --pot=practical4.potfile 
3 0:00:00:00 - UTF-8 input encoding enabled
3 0:00:00:00 - Passwords will be stored UTF-8 encoded in .pot file
3 0:00:00:00 Sorting salts, for performance
3 0:00:00:00 - OpenCL LWS: 256, GWS: 98304 (both auto-tuned) (384 blocks)
3 0:00:00:00 - Will reject candidates longer than 23 bytes
3 0:00:00:00 Proceeding with wordlist mode
3 0:00:00:00 - Wordlist file: ../dictionaries/unix_words_8_combos.txt
3 0:00:00:00 - memory mapping wordlist (101176768 bytes)
3 0:00:00:00 - No word mangling rules
1 0:00:00:00 Device 0: GRID K520
1 0:00:00:00 Command line: /home/ubuntu/software/john/run/john --wordlist=../dictionaries/unix_words_8_combos.txt hashes/SHA512.hashes --format=sha512crypt-opencl --fork=4 --devices=0,1,2,3 --session=sha512-words --pot=practical4.potfile 
1 0:00:00:00 - UTF-8 input encoding enabled
1 0:00:00:00 - Passwords will be stored UTF-8 encoded in .pot file
1 0:00:00:00 Sorting salts, for performance
1 0:00:00:00 - OpenCL LWS: 256, GWS: 98304 (both auto-tuned) (384 blocks)
1 0:00:00:00 - Hash type: sha512crypt-opencl, crypt(3) $6$ (min-len 0, max-len 7 [worst case UTF-8] to 23 [ASCII])
1 0:00:00:00 - Algorithm: SHA512 OpenCL
1 0:00:00:00 - Candidate passwords will be buffered and tried in chunks of 98304
1 0:00:00:00 - Will reject candidates longer than 23 bytes
1 0:00:00:00 Proceeding with wordlist mode
1 0:00:00:00 - Wordlist file: ../dictionaries/unix_words_8_combos.txt
1 0:00:00:00 - memory mapping wordlist (101176768 bytes)
1 0:00:00:00 - No word mangling rules
1 0:00:00:00 Starting a new session
1 0:00:00:00 Loaded a total of 331 password hashes with 331 different salts
1 0:00:00:00 Sorting salts, for performance
1 0:00:00:00 Remaining 208 password hashes with 208 different salts
1 0:00:00:00 Cost 1 (iteration count) is 5000 for all loaded hashes
1 0:00:00:00 - Node numbers 1-4 of 4 (fork)
1 0:00:00:00 Device 0: GRID K520
1 0:00:00:00 Command line: /home/ubuntu/software/john/run/john --wordlist=../dictionaries/unix_words_8_combos.txt hashes/SHA512.hashes --format=sha512crypt-opencl --fork=4 --devices=0,1,2,3 --session=sha512-words --pot=practical4.potfile 
1 0:00:00:00 - UTF-8 input encoding enabled
1 0:00:00:00 - Passwords will be stored UTF-8 encoded in .pot file
1 0:00:00:00 Sorting salts, for performance
1 0:00:00:00 - OpenCL LWS: 32, GWS: 49152 (both auto-tuned) (1536 blocks)
1 0:00:00:00 - Hash type: sha512crypt-opencl, crypt(3) $6$ (min-len 0, max-len 7 [worst case UTF-8] to 23 [ASCII])
1 0:00:00:00 - Algorithm: SHA512 OpenCL
1 0:00:00:00 - Candidate passwords will be buffered and tried in chunks of 49152
1 0:00:00:00 - Will reject candidates longer than 23 bytes
1 0:00:00:00 Proceeding with wordlist mode
1 0:00:00:00 - Wordlist file: ../dictionaries/unix_words_8_combos.txt
1 0:00:00:00 - memory mapping wordlist (101176768 bytes)
1 0:00:00:00 - No word mangling rules
2 0:00:00:00 Device 1: GRID K520
2 0:00:00:00 Command line: /home/ubuntu/software/john/run/john --wordlist=../dictionaries/unix_words_8_combos.txt hashes/SHA512.hashes --format=sha512crypt-opencl --fork=4 --devices=0,1,2,3 --session=sha512-words --pot=practical4.potfile 
2 0:00:00:00 - UTF-8 input encoding enabled
2 0:00:00:00 - Passwords will be stored UTF-8 encoded in .pot file
2 0:00:00:00 Sorting salts, for performance
2 0:00:00:00 - OpenCL LWS: 32, GWS: 98304 (both auto-tuned) (3072 blocks)
2 0:00:00:00 - Will reject candidates longer than 23 bytes
2 0:00:00:00 Proceeding with wordlist mode
2 0:00:00:00 - Wordlist file: ../dictionaries/unix_words_8_combos.txt
2 0:00:00:00 - memory mapping wordlist (101176768 bytes)
2 0:00:00:00 - No word mangling rules
3 0:00:00:00 Device 2: GRID K520
3 0:00:00:00 Command line: /home/ubuntu/software/john/run/john --wordlist=../dictionaries/unix_words_8_combos.txt hashes/SHA512.hashes --format=sha512crypt-opencl --fork=4 --devices=0,1,2,3 --session=sha512-words --pot=practical4.potfile 
3 0:00:00:00 - UTF-8 input encoding enabled
3 0:00:00:00 - Passwords will be stored UTF-8 encoded in .pot file
3 0:00:00:00 Sorting salts, for performance
3 0:00:00:00 - OpenCL LWS: 32, GWS: 98304 (both auto-tuned) (3072 blocks)
3 0:00:00:00 - Will reject candidates longer than 23 bytes
3 0:00:00:00 Proceeding with wordlist mode
3 0:00:00:00 - Wordlist file: ../dictionaries/unix_words_8_combos.txt
3 0:00:00:00 - memory mapping wordlist (101176768 bytes)
3 0:00:00:00 - No word mangling rules
4 0:00:00:00 Device 3: GRID K520
4 0:00:00:00 Command line: /home/ubuntu/software/john/run/john --wordlist=../dictionaries/unix_words_8_combos.txt hashes/SHA512.hashes --format=sha512crypt-opencl --fork=4 --devices=0,1,2,3 --session=sha512-words --pot=practical4.potfile 
4 0:00:00:00 - UTF-8 input encoding enabled
4 0:00:00:00 - Passwords will be stored UTF-8 encoded in .pot file
4 0:00:00:00 Sorting salts, for performance
4 0:00:00:00 - OpenCL LWS: 256, GWS: 98304 (both auto-tuned) (384 blocks)
4 0:00:00:00 - Will reject candidates longer than 23 bytes
4 0:00:00:00 Proceeding with wordlist mode
4 0:00:00:00 - Wordlist file: ../dictionaries/unix_words_8_combos.txt
4 0:00:00:00 - memory mapping wordlist (101176768 bytes)
4 0:00:00:00 - No word mangling rules
1 0:00:00:00 - Will distribute words across nodes
1 0:00:00:04 GPU 0 probably invalid temp reading (-1°C).
2 0:00:00:00 - Will distribute words across nodes
2 0:00:00:09 GPU 1 probably invalid temp reading (-1°C).
3 0:00:00:00 - Will distribute words across nodes
3 0:00:00:09 GPU 2 probably invalid temp reading (-1°C).
4 0:00:00:00 - Will distribute words across nodes
4 0:00:00:08 GPU 3 probably invalid temp reading (-1°C).
1 0:00:06:01 Continuing an interrupted session
1 0:00:06:01 Loaded a total of 331 password hashes with 331 different salts
1 0:00:06:01 Sorting salts, for performance
1 0:00:06:01 Remaining 208 password hashes with 208 different salts
1 0:00:06:01 Cost 1 (iteration count) is 5000 for all loaded hashes
1 0:00:06:01 - Node numbers 1-4 of 4 (fork)
4 0:00:06:01 Device 3: GRID K520
2 0:00:06:01 Device 1: GRID K520
3 0:00:06:01 Device 2: GRID K520
4 0:00:06:01 Command line: /home/ubuntu/software/john/run/john --restore=sha512-words 
4 0:00:06:01 - UTF-8 input encoding enabled
4 0:00:06:01 - Passwords will be stored UTF-8 encoded in .pot file
4 0:00:06:01 Sorting salts, for performance
4 0:00:06:01 - OpenCL LWS: 32, GWS: 49152 (both auto-tuned) (1536 blocks)
4 0:00:06:01 - Will reject candidates longer than 23 bytes
4 0:00:06:01 Proceeding with wordlist mode
4 0:00:06:01 - Wordlist file: ../dictionaries/unix_words_8_combos.txt
4 0:00:06:01 - memory mapping wordlist (101176768 bytes)
4 0:00:06:01 - No word mangling rules
3 0:00:06:01 Command line: /home/ubuntu/software/john/run/john --restore=sha512-words 
3 0:00:06:01 - UTF-8 input encoding enabled
3 0:00:06:01 - Passwords will be stored UTF-8 encoded in .pot file
3 0:00:06:01 Sorting salts, for performance
3 0:00:06:01 - OpenCL LWS: 256, GWS: 49152 (both auto-tuned) (192 blocks)
3 0:00:06:01 - Will reject candidates longer than 23 bytes
3 0:00:06:01 Proceeding with wordlist mode
3 0:00:06:01 - Wordlist file: ../dictionaries/unix_words_8_combos.txt
3 0:00:06:01 - memory mapping wordlist (101176768 bytes)
3 0:00:06:01 - No word mangling rules
2 0:00:06:01 Command line: /home/ubuntu/software/john/run/john --restore=sha512-words 
2 0:00:06:01 - UTF-8 input encoding enabled
2 0:00:06:01 - Passwords will be stored UTF-8 encoded in .pot file
2 0:00:06:01 Sorting salts, for performance
2 0:00:06:01 - OpenCL LWS: 256, GWS: 98304 (both auto-tuned) (384 blocks)
2 0:00:06:01 - Will reject candidates longer than 23 bytes
2 0:00:06:01 Proceeding with wordlist mode
2 0:00:06:01 - Wordlist file: ../dictionaries/unix_words_8_combos.txt
2 0:00:06:01 - memory mapping wordlist (101176768 bytes)
2 0:00:06:01 - No word mangling rules
1 0:00:06:01 Device 0: GRID K520
1 0:00:06:01 Command line: /home/ubuntu/software/john/run/john --restore=sha512-words 
1 0:00:06:01 - UTF-8 input encoding enabled
1 0:00:06:01 - Passwords will be stored UTF-8 encoded in .pot file
1 0:00:06:01 Sorting salts, for performance
1 0:00:06:01 - OpenCL LWS: 256, GWS: 98304 (both auto-tuned) (384 blocks)
1 0:00:06:01 - Hash type: sha512crypt-opencl, crypt(3) $6$ (min-len 0, max-len 7 [worst case UTF-8] to 23 [ASCII])
1 0:00:06:01 - Algorithm: SHA512 OpenCL
1 0:00:06:01 - Candidate passwords will be buffered and tried in chunks of 98304
1 0:00:06:01 - Will reject candidates longer than 23 bytes
1 0:00:06:01 Proceeding with wordlist mode
1 0:00:06:01 - Wordlist file: ../dictionaries/unix_words_8_combos.txt
1 0:00:06:01 - memory mapping wordlist (101176768 bytes)
1 0:00:06:01 - No word mangling rules
4 0:00:06:01 - Will distribute words across nodes
4 0:00:06:05 GPU 3 probably invalid temp reading (-1°C).
3 0:00:06:01 - Will distribute words across nodes
3 0:00:06:05 GPU 2 probably invalid temp reading (-1°C).
2 0:00:06:01 - Will distribute words across nodes
2 0:00:06:09 GPU 1 probably invalid temp reading (-1°C).
1 0:00:06:01 - Will distribute words across nodes
1 0:00:06:05 GPU 0 probably invalid temp reading (-1°C).
3 0:00:27:43 + Cracked ?
2 0:00:29:01 + pot sync removed 1 hashes; Remaining 207 hashes with 207 different salts
2 0:00:32:07 + Cracked ?
4 0:00:35:16 + pot sync removed 2 hashes; Remaining 206 hashes with 206 different salts
1 0:00:36:13 + Cracked ?
1 0:00:37:43 + Cracked ?
2 0:00:40:46 + Cracked ?
1 0:00:43:08 + pot sync removed 3 hashes; Remaining 203 hashes with 203 different salts
3 0:00:45:49 + pot sync removed 4 hashes; Remaining 203 hashes with 203 different salts
1 0:00:46:47 + Cracked ?
3 0:00:47:35 Session aborted
2 0:00:47:32 Session aborted
4 0:00:47:41 Session aborted
1 0:00:47:35 Waiting for 3 children to terminate
1 0:00:47:35 Session aborted
