0:00:00:00 Starting a new session
0:00:00:00 Loaded a total of 331 password hashes with 331 different salts
0:00:00:00 Sorting salts, for performance
0:00:00:00 Remaining 144 password hashes with 144 different salts
0:00:00:00 Cost 1 (iteration count) is 5000 for all loaded hashes
0:00:00:00 Command line: /home/stefano/software/john-the-ripper/run/john --session=sha512-pwgen-5 --format=sha512crypt-opencl --pot=practical4.potfile --wordlist=../dictionaries/pwgen_5_chars.txt hashes/SHA512.hashes 
0:00:00:00 - GPU 0: temp: 30°C fan: 15%
0:00:00:00 - UTF-8 input encoding enabled
0:00:00:00 - Passwords will be stored UTF-8 encoded in .pot file
0:00:00:00 Sorting salts, for performance
0:00:00:00 - OpenCL LWS: 64, GWS: 98304 (both auto-tuned) (1536 blocks)
0:00:00:00 - Hash type: sha512crypt-opencl, crypt(3) $6$ (min-len 0, max-len 7 [worst case UTF-8] to 23 [ASCII])
0:00:00:00 - Algorithm: SHA512 OpenCL
0:00:00:00 - Candidate passwords will be buffered and tried in chunks of 98304
0:00:00:00 - Will reject candidates longer than 23 bytes
0:00:00:00 Proceeding with wordlist mode
0:00:00:00 - Wordlist file: ../dictionaries/pwgen_5_chars.txt
0:00:00:00 - memory mapping wordlist (1887798 bytes)
0:00:00:00 - No word mangling rules
0:00:14:34 + Cracked ?
0:00:17:07 + Cracked ?
0:00:19:32 + Cracked ?
0:00:38:13 + Cracked ?
0:00:42:11 + Cracked ?
0:00:42:28 + Cracked ?
0:01:02:47 + Cracked ?
0:01:04:12 + Cracked ?
0:01:06:30 Session completed
