1 0:00:00:00 Starting a new session
1 0:00:00:00 Loaded a total of 39 password hashes with 39 different salts
1 0:00:00:00 Terminating on error, john.c:1255
1 0:00:00:00 Starting a new session
1 0:00:00:00 Loaded a total of 39 password hashes with 39 different salts
1 0:00:00:00 Sorting salts, for performance
1 0:00:00:00 Cost 1 (iteration count) is 29000 for all loaded hashes
1 0:00:00:00 - Node numbers 1-4 of 4 (fork)
2 0:00:00:00 Device 1: Tesla V100-SXM2-16GB
2 0:00:00:00 Command line: /home/lupos/software/john/run/john --fork=4 --devices=0,1,2,3 --format=PBKDF2-HMAC-SHA256-opencl --pot=practical5.potfile --session=combined_kw2-4-3changes-pbkdf_john2 hashes_john/pbkdf2.hashes --wordlist=dicts/keywalklist.txt 
2 0:00:00:00 - UTF-8 input encoding enabled
2 0:00:00:00 - Passwords will be stored UTF-8 encoded in .pot file
2 0:00:00:00 Sorting salts, for performance
2 0:00:00:00 Device 1: Tesla V100-SXM2-16GB
2 0:00:00:00 - OpenCL LWS: 32, GWS: 20480 (both auto-tuned) (640 blocks)
2 0:00:00:00 - Will reject candidates longer than 55 bytes
2 0:00:00:00 Proceeding with wordlist mode
2 0:00:00:00 - Wordlist file: dicts/keywalklist.txt
2 0:00:00:00 - memory mapping wordlist (86229 bytes)
2 0:00:00:00 - No word mangling rules
1 0:00:00:00 Device 0: Tesla V100-SXM2-16GB
1 0:00:00:00 Command line: /home/lupos/software/john/run/john --fork=4 --devices=0,1,2,3 --format=PBKDF2-HMAC-SHA256-opencl --pot=practical5.potfile --session=combined_kw2-4-3changes-pbkdf_john2 hashes_john/pbkdf2.hashes --wordlist=dicts/keywalklist.txt 
1 0:00:00:00 - UTF-8 input encoding enabled
1 0:00:00:00 - Passwords will be stored UTF-8 encoded in .pot file
1 0:00:00:00 Sorting salts, for performance
1 0:00:00:00 Device 0: Tesla V100-SXM2-16GB
1 0:00:00:00 - OpenCL LWS: 32, GWS: 20480 (both auto-tuned) (640 blocks)
1 0:00:00:00 - Hash type: PBKDF2-HMAC-SHA256-opencl (min-len 0, max-len 18 [worst case UTF-8] to 55 [ASCII])
1 0:00:00:00 - Algorithm: PBKDF2-SHA256 OpenCL
1 0:00:00:00 - Will reject candidates longer than 55 bytes
1 0:00:00:00 - Candidate passwords will be buffered and tried in chunks of 20480
1 0:00:00:00 Proceeding with wordlist mode
1 0:00:00:00 - Wordlist file: dicts/keywalklist.txt
1 0:00:00:00 - memory mapping wordlist (86229 bytes)
1 0:00:00:00 - No word mangling rules
4 0:00:00:00 Device 3: Tesla V100-SXM2-16GB
4 0:00:00:00 Command line: /home/lupos/software/john/run/john --fork=4 --devices=0,1,2,3 --format=PBKDF2-HMAC-SHA256-opencl --pot=practical5.potfile --session=combined_kw2-4-3changes-pbkdf_john2 hashes_john/pbkdf2.hashes --wordlist=dicts/keywalklist.txt 
4 0:00:00:00 - UTF-8 input encoding enabled
4 0:00:00:00 - Passwords will be stored UTF-8 encoded in .pot file
4 0:00:00:00 Sorting salts, for performance
4 0:00:00:00 Device 3: Tesla V100-SXM2-16GB
4 0:00:00:00 - OpenCL LWS: 512, GWS: 40960 (both auto-tuned) (80 blocks)
4 0:00:00:00 - Will reject candidates longer than 55 bytes
4 0:00:00:00 Proceeding with wordlist mode
4 0:00:00:00 - Wordlist file: dicts/keywalklist.txt
4 0:00:00:00 - memory mapping wordlist (86229 bytes)
4 0:00:00:00 - No word mangling rules
3 0:00:00:00 Device 2: Tesla V100-SXM2-16GB
3 0:00:00:00 Command line: /home/lupos/software/john/run/john --fork=4 --devices=0,1,2,3 --format=PBKDF2-HMAC-SHA256-opencl --pot=practical5.potfile --session=combined_kw2-4-3changes-pbkdf_john2 hashes_john/pbkdf2.hashes --wordlist=dicts/keywalklist.txt 
3 0:00:00:00 - UTF-8 input encoding enabled
3 0:00:00:00 - Passwords will be stored UTF-8 encoded in .pot file
3 0:00:00:00 Sorting salts, for performance
3 0:00:00:00 Device 2: Tesla V100-SXM2-16GB
3 0:00:00:00 - OpenCL LWS: 512, GWS: 40960 (both auto-tuned) (80 blocks)
3 0:00:00:00 - Will reject candidates longer than 55 bytes
3 0:00:00:00 Proceeding with wordlist mode
3 0:00:00:00 - Wordlist file: dicts/keywalklist.txt
3 0:00:00:00 - memory mapping wordlist (86229 bytes)
3 0:00:00:00 - No word mangling rules
2 0:00:00:00 - Will distribute words across nodes
2 0:00:00:00 + Cracked ?
2 0:00:00:01 + Cracked ?
2 0:00:00:03 + Cracked ?
2 0:00:00:04 GPU 1 probably invalid temp reading (-1째C).
2 0:00:00:07 + Cracked ?
2 0:00:00:08 + Cracked ?
2 0:00:00:10 + Cracked ?
2 0:00:00:14 + Cracked ?
2 0:00:00:14 + Cracked ?
2 0:00:00:15 + Cracked ?
2 0:00:00:16 + Cracked ?
2 0:00:00:17 + Cracked ?
2 0:00:00:17 Session completed
1 0:00:00:00 - Will distribute words across nodes
1 0:00:00:01 + Cracked ?
1 0:00:00:04 GPU 0 probably invalid temp reading (-1째C).
1 0:00:00:04 + Cracked ?
1 0:00:00:05 + Cracked ?
1 0:00:00:05 + Cracked ?
1 0:00:00:07 + Cracked ?
1 0:00:00:08 + Cracked ?
1 0:00:00:10 + Cracked ?
1 0:00:00:11 + Cracked ?
1 0:00:00:12 + Cracked ?
1 0:00:00:13 + Cracked ?
1 0:00:00:14 + Cracked ?
1 0:00:00:17 Waiting for 3 children to terminate
4 0:00:00:00 - Will distribute words across nodes
4 0:00:00:00 + Cracked ?
4 0:00:00:02 + Cracked ?
4 0:00:00:03 + Cracked ?
4 0:00:00:04 GPU 3 probably invalid temp reading (-1째C).
4 0:00:00:05 + Cracked ?
4 0:00:00:06 + Cracked ?
4 0:00:00:06 + Cracked ?
4 0:00:00:09 + Cracked ?
4 0:00:00:10 + Cracked ?
4 0:00:00:11 + Cracked ?
4 0:00:00:13 + Cracked ?
4 0:00:00:17 Session completed
3 0:00:00:00 - Will distribute words across nodes
3 0:00:00:02 + Cracked ?
3 0:00:00:04 + Cracked ?
3 0:00:00:04 GPU 2 probably invalid temp reading (-1째C).
3 0:00:00:09 + Cracked ?
3 0:00:00:12 + Cracked ?
3 0:00:00:12 + Cracked ?
3 0:00:00:15 + Cracked ?
3 0:00:00:16 + Cracked ?
3 0:00:00:17 + Cracked ?
3 0:00:00:17 Session completed
1 0:00:00:18 Session completed
