1 0:00:00:00 Starting a new session
1 0:00:00:00 Loaded a total of 49 password hashes with 49 different salts
1 0:00:00:00 Sorting salts, for performance
1 0:00:00:00 Cost 1 (iteration count) is 656000 for all loaded hashes
1 0:00:00:00 - Node numbers 1-4 of 4 (fork)
1 0:00:00:00 Device 0: Tesla V100-SXM2-16GB
1 0:00:00:00 Command line: /home/lupos/software/john/run/john --fork=4 --devices=0,1,2,3 --format=sha512crypt-opencl --pot=practical5.potfile --session=combined_kw2-4-3changes-SHA512_john hashes_john/SHA512.hashes --wordlist=dicts/keywalklist.txt 
1 0:00:00:00 - UTF-8 input encoding enabled
1 0:00:00:00 - Passwords will be stored UTF-8 encoded in .pot file
1 0:00:00:00 Sorting salts, for performance
1 0:00:00:00 - OpenCL LWS: 32, GWS: 20480 (both auto-tuned) (640 blocks)
1 0:00:00:00 - Hash type: sha512crypt-opencl, crypt(3) $6$ (min-len 0, max-len 7 [worst case UTF-8] to 23 [ASCII])
1 0:00:00:00 - Algorithm: SHA512 OpenCL
1 0:00:00:00 - Will reject candidates longer than 23 bytes
1 0:00:00:00 - Candidate passwords will be buffered and tried in chunks of 20480
1 0:00:00:00 Proceeding with wordlist mode
1 0:00:00:00 - Wordlist file: dicts/keywalklist.txt
1 0:00:00:00 - memory mapping wordlist (86229 bytes)
1 0:00:00:00 - No word mangling rules
4 0:00:00:00 Device 3: Tesla V100-SXM2-16GB
4 0:00:00:00 Command line: /home/lupos/software/john/run/john --fork=4 --devices=0,1,2,3 --format=sha512crypt-opencl --pot=practical5.potfile --session=combined_kw2-4-3changes-SHA512_john hashes_john/SHA512.hashes --wordlist=dicts/keywalklist.txt 
4 0:00:00:00 - UTF-8 input encoding enabled
4 0:00:00:00 - Passwords will be stored UTF-8 encoded in .pot file
4 0:00:00:00 Sorting salts, for performance
4 0:00:00:00 - OpenCL LWS: 32, GWS: 20480 (both auto-tuned) (640 blocks)
4 0:00:00:00 - Will reject candidates longer than 23 bytes
4 0:00:00:00 Proceeding with wordlist mode
4 0:00:00:00 - Wordlist file: dicts/keywalklist.txt
4 0:00:00:00 - memory mapping wordlist (86229 bytes)
4 0:00:00:00 - No word mangling rules
1 0:00:00:00 - Will distribute words across nodes
1 0:00:00:16 GPU 0 probably invalid temp reading (-1°C).
1 0:00:00:49 + Cracked ?
4 0:00:00:00 - Will distribute words across nodes
4 0:00:00:17 + Cracked ?
4 0:00:00:17 GPU 3 probably invalid temp reading (-1°C).
1 0:00:01:05 + Cracked ?
4 0:00:01:28 + Cracked ?
1 0:00:02:11 + Cracked ?
1 0:00:02:27 + Cracked ?
4 0:00:02:04 + Cracked ?
4 0:00:03:15 + Cracked ?
4 0:00:03:32 + Cracked ?
4 0:00:04:08 + Cracked ?
1 0:00:04:38 + Cracked ?
1 0:00:05:27 + Cracked ?
4 0:00:05:37 + Cracked ?
4 0:00:07:41 + Cracked ?
1 0:00:08:11 + Cracked ?
4 0:00:09:27 + Cracked ?
1 0:00:10:54 + Cracked ?
4 0:00:12:25 + Cracked ?
1 0:00:13:22 Waiting for 3 children to terminate
4 0:00:13:00 + Cracked ?
4 0:00:13:18 + Cracked ?
4 0:00:13:47 + Cracked ?
4 0:00:13:56 Session completed
1 0:00:13:57 Main process session completed, but some child processes failed
