1 0:00:00:00 Starting a new session
1 0:00:00:00 Loaded a total of 45 password hashes with 45 different salts
1 0:00:00:00 Sorting salts, for performance
1 0:00:00:00 Remaining 44 password hashes with 44 different salts
1 0:00:00:00 Cost 1 (iteration count) is 480000 for all loaded hashes
1 0:00:00:00 - Node numbers 1-4 of 4 (fork)
1 0:00:00:00 Device 0: Tesla V100-SXM2-16GB
1 0:00:00:00 Command line: /home/lupos/software/john/run/john --fork=4 --devices=0,1,2,3 --format=sha1crypt-opencl --pot=practical5.potfile --session=combined_kw2-4-3changes-SHA1_john2 hashes_john/SHA1.hashes --wordlist=dicts/keywalklist.txt 
1 0:00:00:00 - UTF-8 input encoding enabled
1 0:00:00:00 - Passwords will be stored UTF-8 encoded in .pot file
1 0:00:00:00 Sorting salts, for performance
1 0:00:00:00 Device 0: Tesla V100-SXM2-16GB
1 0:00:00:00 - OpenCL LWS: 128, GWS: 81920 (both auto-tuned) (640 blocks)
1 0:00:00:00 - Hash type: sha1crypt-opencl, (NetBSD) (min-len 0, max-len 21 [worst case UTF-8] to 64 [ASCII])
1 0:00:00:00 - Algorithm: PBKDF1-SHA1 OpenCL
1 0:00:00:00 - Will reject candidates longer than 64 bytes
1 0:00:00:00 - Candidate passwords will be buffered and tried in chunks of 81920
1 0:00:00:00 Proceeding with wordlist mode
1 0:00:00:00 - Wordlist file: dicts/keywalklist.txt
1 0:00:00:00 - memory mapping wordlist (86229 bytes)
1 0:00:00:00 - No word mangling rules
3 0:00:00:00 Device 2: Tesla V100-SXM2-16GB
3 0:00:00:00 Command line: /home/lupos/software/john/run/john --fork=4 --devices=0,1,2,3 --format=sha1crypt-opencl --pot=practical5.potfile --session=combined_kw2-4-3changes-SHA1_john2 hashes_john/SHA1.hashes --wordlist=dicts/keywalklist.txt 
3 0:00:00:00 - UTF-8 input encoding enabled
3 0:00:00:00 - Passwords will be stored UTF-8 encoded in .pot file
3 0:00:00:00 Sorting salts, for performance
3 0:00:00:00 Device 2: Tesla V100-SXM2-16GB
3 0:00:00:00 - OpenCL LWS: 128, GWS: 81920 (both auto-tuned) (640 blocks)
3 0:00:00:00 - Will reject candidates longer than 64 bytes
3 0:00:00:00 Proceeding with wordlist mode
3 0:00:00:00 - Wordlist file: dicts/keywalklist.txt
3 0:00:00:00 - memory mapping wordlist (86229 bytes)
3 0:00:00:00 - No word mangling rules
4 0:00:00:00 Device 3: Tesla V100-SXM2-16GB
4 0:00:00:00 Command line: /home/lupos/software/john/run/john --fork=4 --devices=0,1,2,3 --format=sha1crypt-opencl --pot=practical5.potfile --session=combined_kw2-4-3changes-SHA1_john2 hashes_john/SHA1.hashes --wordlist=dicts/keywalklist.txt 
4 0:00:00:00 - UTF-8 input encoding enabled
4 0:00:00:00 - Passwords will be stored UTF-8 encoded in .pot file
4 0:00:00:00 Sorting salts, for performance
4 0:00:00:00 Device 3: Tesla V100-SXM2-16GB
4 0:00:00:00 - OpenCL LWS: 128, GWS: 81920 (both auto-tuned) (640 blocks)
4 0:00:00:00 - Will reject candidates longer than 64 bytes
4 0:00:00:00 Proceeding with wordlist mode
4 0:00:00:00 - Wordlist file: dicts/keywalklist.txt
4 0:00:00:00 - memory mapping wordlist (86229 bytes)
4 0:00:00:00 - No word mangling rules
2 0:00:00:00 Device 1: Tesla V100-SXM2-16GB
2 0:00:00:00 Command line: /home/lupos/software/john/run/john --fork=4 --devices=0,1,2,3 --format=sha1crypt-opencl --pot=practical5.potfile --session=combined_kw2-4-3changes-SHA1_john2 hashes_john/SHA1.hashes --wordlist=dicts/keywalklist.txt 
2 0:00:00:00 - UTF-8 input encoding enabled
2 0:00:00:00 - Passwords will be stored UTF-8 encoded in .pot file
2 0:00:00:00 Sorting salts, for performance
2 0:00:00:00 Device 1: Tesla V100-SXM2-16GB
2 0:00:00:00 - OpenCL LWS: 128, GWS: 81920 (both auto-tuned) (640 blocks)
2 0:00:00:00 - Will reject candidates longer than 64 bytes
2 0:00:00:00 Proceeding with wordlist mode
2 0:00:00:00 - Wordlist file: dicts/keywalklist.txt
2 0:00:00:00 - memory mapping wordlist (86229 bytes)
2 0:00:00:00 - No word mangling rules
1 0:00:00:00 - Will distribute words across nodes
1 0:00:00:07 + Cracked ?
1 0:00:00:07 GPU 0 probably invalid temp reading (-1째C).
1 0:00:00:19 + Cracked ?
1 0:00:00:27 + Cracked ?
1 0:00:00:54 + Cracked ?
3 0:00:00:00 - Will distribute words across nodes
3 0:00:00:07 GPU 2 probably invalid temp reading (-1째C).
3 0:00:00:38 + Cracked ?
4 0:00:00:00 - Will distribute words across nodes
4 0:00:00:03 + Cracked ?
4 0:00:00:07 GPU 3 probably invalid temp reading (-1째C).
4 0:00:00:11 + Cracked ?
4 0:00:00:42 + Cracked ?
4 0:00:00:50 + Cracked ?
4 0:00:00:58 + Cracked ?
2 0:00:00:00 - Will distribute words across nodes
2 0:00:00:07 GPU 1 probably invalid temp reading (-1째C).
2 0:00:00:15 + Cracked ?
2 0:00:00:23 + Cracked ?
2 0:00:00:31 + Cracked ?
2 0:00:00:35 + Cracked ?
2 0:00:00:46 + Cracked ?
1 0:00:01:21 + Cracked ?
1 0:00:01:25 + Cracked ?
1 0:00:01:40 + Cracked ?
1 0:00:01:44 + Cracked ?
1 0:00:01:56 + Cracked ?
3 0:00:01:29 + Cracked ?
3 0:00:01:37 + Cracked ?
3 0:00:01:48 + Cracked ?
4 0:00:01:09 + Cracked ?
4 0:00:01:13 + Cracked ?
2 0:00:01:02 + Cracked ?
2 0:00:01:06 + Cracked ?
2 0:00:01:17 + Cracked ?
2 0:00:01:33 + Cracked ?
2 0:00:01:52 + Cracked ?
1 0:00:02:11 + Cracked ?
1 0:00:02:31 + Cracked ?
1 0:00:02:50 Waiting for 3 children to terminate
3 0:00:02:00 + Cracked ?
3 0:00:02:08 + Cracked ?
3 0:00:02:47 + Cracked ?
3 0:00:02:50 + Cracked ?
3 0:00:02:50 Session completed
2 0:00:02:24 + Cracked ?
2 0:00:02:39 + Cracked ?
4 0:00:02:04 + Cracked ?
4 0:00:02:16 + Cracked ?
4 0:00:02:20 + Cracked ?
4 0:00:02:28 + Cracked ?
4 0:00:02:35 + Cracked ?
4 0:00:02:43 + Cracked ?
2 0:00:02:50 Session completed
4 0:00:02:51 Session completed
1 0:00:02:51 Session completed
