0:00:00:00 Starting a new session
0:00:00:00 Loaded a total of 338 password hashes with 338 different salts
0:00:00:00 Sorting salts, for performance
0:00:00:00 Cost 1 (iteration count) is 5000 for all loaded hashes
0:00:00:00 Command line: /home/stefano/software/john-the-ripper/run/john --wordlist=../dictionaries/rockyou.txt --pot=practical4.pot --format=sha256crypt-opencl --session=sha256_rockyou hashes/SHA256.hashes 
0:00:00:00 - GPU 0: temp: 53°C fan: 37%
0:00:00:00 - UTF-8 input encoding enabled
0:00:00:00 - Passwords will be stored UTF-8 encoded in .pot file
0:00:00:00 Sorting salts, for performance
0:00:00:00 - OpenCL LWS: 256, GWS: 98304 (both auto-tuned) (384 blocks)
0:00:00:00 - Hash type: sha256crypt-opencl, crypt(3) $5$ (min-len 0, max-len 8 [worst case UTF-8] to 24 [ASCII])
0:00:00:00 - Algorithm: SHA256 OpenCL
0:00:00:00 - Candidate passwords will be buffered and tried in chunks of 98304
0:00:00:00 - Will reject candidates longer than 24 bytes
0:00:00:00 Proceeding with wordlist mode
0:00:00:00 - Wordlist file: ../dictionaries/rockyou.txt
0:00:00:00 - memory mapping wordlist (139921497 bytes)
0:00:00:00 - No word mangling rules
0:00:01:02 Session aborted
0:00:00:00 Starting a new session
0:00:00:00 Loaded a total of 338 password hashes with 338 different salts
0:00:00:00 Sorting salts, for performance
0:00:00:00 Remaining 326 password hashes with 326 different salts
0:00:00:00 Cost 1 (iteration count) is 5000 for all loaded hashes
0:00:00:00 Command line: /home/stefano/software/john-the-ripper/run/john --wordlist=../dictionaries/rockyou.txt --pot=practical4.potfile --format=sha256crypt-opencl --session=sha256_rockyou hashes/SHA256.hashes 
0:00:00:00 - GPU 0: temp: 53°C fan: 36%
0:00:00:00 - UTF-8 input encoding enabled
0:00:00:00 - Passwords will be stored UTF-8 encoded in .pot file
0:00:00:00 Sorting salts, for performance
0:00:00:00 - OpenCL LWS: 256, GWS: 24576 (both auto-tuned) (96 blocks)
0:00:00:00 - Hash type: sha256crypt-opencl, crypt(3) $5$ (min-len 0, max-len 8 [worst case UTF-8] to 24 [ASCII])
0:00:00:00 - Algorithm: SHA256 OpenCL
0:00:00:00 - Candidate passwords will be buffered and tried in chunks of 24576
0:00:00:00 - Will reject candidates longer than 24 bytes
0:00:00:00 Proceeding with wordlist mode
0:00:00:00 - Wordlist file: ../dictionaries/rockyou.txt
0:00:00:00 - memory mapping wordlist (139921497 bytes)
0:00:00:00 - No word mangling rules
0:00:05:20 Session aborted
